<?xml version="1.0" encoding="UTF-8"?>
<!-- Generated by org.testng.reporters.JUnitReportReporter -->
<testsuite hostname="DESKTOP-97O8BQV" failures="0" tests="7" name="OnlineClass" time="3.165" errors="0" timestamp="2020-09-21T01:29:29 EDT" skipped="0">
  <testcase classname="OnlineClass" name="verifyGitLabHomePage" time="0.923"/>
  <system-out/>
  <testcase classname="OnlineClass" name="onlineClassLoginPage" time="0.382"/>
  <system-out/>
  <testcase classname="OnlineClass" name="createQuizPage" time="0.766"/>
  <system-out/>
  <testcase classname="OnlineClass" name="nextPage" time="0.349"/>
  <system-out/>
  <testcase classname="OnlineClass" name="assignToStudentPage" time="0.391"/>
  <system-out/>
  <testcase classname="OnlineClass" name="invokeQuizPage" time="0.194"/>
  <system-out/>
  <testcase classname="OnlineClass" name="onlineClassTeacherPage" time="0.160"/>
  <system-out/>
</testsuite> <!-- OnlineClass -->
